<?xml version="1.0" encoding="UTF-8"?>
<!-- Generated by org.testng.reporters.JUnitReportReporter -->
<testsuite hostname="Dhananjay" failures="0" tests="1" name="AudiologyTest.ServiceRate_Master" time="1.599" errors="0" timestamp="2022-11-23T19:57:37 IST" skipped="0">
  <testcase classname="AudiologyTest.ServiceRate_Master" name="tc" time="1.599"/>
  <system-out/>
</testsuite> <!-- AudiologyTest.ServiceRate_Master -->
