<?xml version="1.0" encoding="UTF-8"?>
<!-- Generated by org.testng.reporters.JUnitReportReporter -->
<testsuite hostname="DESKTOP-CGGS28S" failures="0" tests="6" name="AudiologyTest.Invoice_Master" time="20.746" errors="0" timestamp="2022-10-03T17:22:35 IST" skipped="2">
  <testcase classname="AudiologyTest.Invoice_Master" name="InvalidInvoiceNumber_passingSymbols" time="8.359"/>
  <system-out/>
  <testcase classname="AudiologyTest.Invoice_Master" name="InvalidMethodShifting_passingAlphanumericData" time="3.652"/>
  <system-out/>
  <testcase classname="AudiologyTest.Invoice_Master" name="InvalidPONumber_passingMoreThan10Char" time="4.839"/>
  <system-out/>
  <testcase classname="AudiologyTest.Invoice_Master" name="InvalidMethodShifting_passingSymbols" time="3.896"/>
  <system-out/>
  <testcase classname="AudiologyTest.Invoice_Master" name="SaveFunctionality">
    <skipped/>
  </testcase> <!-- SaveFunctionality -->
  <system-out/>
  <testcase classname="AudiologyTest.Invoice_Master" name="UpdateFunctionality">
    <skipped/>
  </testcase> <!-- UpdateFunctionality -->
  <system-out/>
</testsuite> <!-- AudiologyTest.Invoice_Master -->
