<?xml version="1.0" encoding="UTF-8"?>
<!-- Generated by org.testng.reporters.JUnitReportReporter -->
<testsuite hostname="Dhananjay" failures="0" tests="13" name="AudiologyTest.Company_Master" time="26.225" errors="0" timestamp="2022-11-23T18:47:30 IST" skipped="1">
  <testcase classname="AudiologyTest.Company_Master" name="InvalidName_passingAlphanumeric" time="2.365"/>
  <system-out/>
  <testcase classname="AudiologyTest.Company_Master" name="InvalidName_passingSymbols" time="2.081"/>
  <system-out/>
  <testcase classname="AudiologyTest.Company_Master" name="InvalidName_passingAlphanumericAndSymbols" time="2.640"/>
  <system-out/>
  <testcase classname="AudiologyTest.Company_Master" name="InvalidName_passingIntegers" time="2.193"/>
  <system-out/>
  <testcase classname="AudiologyTest.Company_Master" name="InvalidcanNumber_passingSymbols" time="2.342"/>
  <system-out/>
  <testcase classname="AudiologyTest.Company_Master" name="InvalidMobileNumber_passingAlphabates" time="2.081"/>
  <system-out/>
  <testcase classname="AudiologyTest.Company_Master" name="InvalidMobileNumber_passingAlphanumericData" time="2.217"/>
  <system-out/>
  <testcase classname="AudiologyTest.Company_Master" name="InvalidMobileNumber_passingSymbols" time="2.015"/>
  <system-out/>
  <testcase classname="AudiologyTest.Company_Master" name="InvalidMobileNumber_passingAlphanumericAndSymbols" time="2.068"/>
  <system-out/>
  <testcase classname="AudiologyTest.Company_Master" name="InvalidPINcode_passingAlphanumericData" time="2.143"/>
  <system-out/>
  <testcase classname="AudiologyTest.Company_Master" name="InvalidPINcode_passingSymbols" time="2.016"/>
  <system-out/>
  <testcase classname="AudiologyTest.Company_Master" name="InvalidPINcode_passingLessThan6Digits" time="2.064"/>
  <system-out/>
  <testcase classname="AudiologyTest.Company_Master" name="Savecompany">
    <skipped/>
  </testcase> <!-- Savecompany -->
  <system-out/>
</testsuite> <!-- AudiologyTest.Company_Master -->
