<?xml version="1.0" encoding="UTF-8"?>
<!-- Generated by org.testng.reporters.JUnitReportReporter -->
<testsuite hostname="DESKTOP-CGGS28S" failures="0" tests="2" name="AudiologyTest.ControlPanel_MasterPatient" time="7.890" errors="0" timestamp="2022-09-16T12:56:23 IST" skipped="0">
  <testcase classname="AudiologyTest.ControlPanel_MasterPatient" name="Mobile5IsDisplayed_onSelectingYes" time="1.552"/>
  <system-out/>
  <testcase classname="AudiologyTest.ControlPanel_MasterPatient" name="AlternateNameOfPatientIsDisplayed_onSelectingYes" time="6.338"/>
  <system-out/>
</testsuite> <!-- AudiologyTest.ControlPanel_MasterPatient -->
