<?xml version="1.0" encoding="UTF-8"?>
<!-- Generated by org.testng.reporters.JUnitReportReporter -->
<testsuite hostname="DESKTOP-CGGS28S" failures="0" tests="2" name="AudiologyTest.Transactions_Master" time="0.790" errors="0" timestamp="2022-09-06T14:33:13 IST" skipped="1">
  <testcase classname="AudiologyTest.Transactions_Master" name="UpdateFunctionality" time="0.790"/>
  <system-out/>
  <testcase classname="AudiologyTest.Transactions_Master" name="SaveFunctionality">
    <skipped/>
  </testcase> <!-- SaveFunctionality -->
  <system-out/>
</testsuite> <!-- AudiologyTest.Transactions_Master -->
