<?xml version="1.0" encoding="UTF-8"?>
<!-- Generated by org.testng.reporters.JUnitReportReporter -->
<testsuite hostname="Dhananjay" failures="0" tests="12" name="AudiologyTest.clinic_Master" time="58.384" errors="0" timestamp="2022-11-17T10:03:24 IST" skipped="0">
  <testcase classname="AudiologyTest.clinic_Master" name="InvalidTaluka_passingNumbers" time="4.790"/>
  <system-out/>
  <testcase classname="AudiologyTest.clinic_Master" name="InvalidTaluka_passingAlphanumericData" time="5.131"/>
  <system-out/>
  <testcase classname="AudiologyTest.clinic_Master" name="InvalidTaluka_passingSymbols" time="5.270"/>
  <system-out/>
  <testcase classname="AudiologyTest.clinic_Master" name="InvalidPIN_passingSymbols" time="10.191"/>
  <system-out/>
  <testcase classname="AudiologyTest.clinic_Master" name="InvalidPIN_passingAlphabates" time="4.936"/>
  <system-out/>
  <testcase classname="AudiologyTest.clinic_Master" name="InvalidPIN_passingAlphanumericData" time="3.958"/>
  <system-out/>
  <testcase classname="AudiologyTest.clinic_Master" name="InvalidMobileNo_passingAlphabates" time="4.000"/>
  <system-out/>
  <testcase classname="AudiologyTest.clinic_Master" name="InvalidMobileNo_passingAlphanumeric" time="4.102"/>
  <system-out/>
  <testcase classname="AudiologyTest.clinic_Master" name="InvalidMobile_passingSymbols" time="3.943"/>
  <system-out/>
  <testcase classname="AudiologyTest.clinic_Master" name="update" time="11.701"/>
  <system-out/>
  <testcase classname="AudiologyTest.clinic_Master" name="ByDefaultStateMH" time="0.065"/>
  <system-out/>
  <testcase classname="AudiologyTest.clinic_Master" name="closeApp" time="0.297"/>
  <system-out/>
</testsuite> <!-- AudiologyTest.clinic_Master -->
