<?xml version="1.0" encoding="UTF-8"?>
<!-- Generated by org.testng.reporters.JUnitReportReporter -->
<testsuite hostname="DESKTOP-CGGS28S" failures="0" tests="1" name="AudiologyTest.AppointmentType_Master" time="0.019" errors="0" timestamp="2022-09-22T10:29:29 IST" skipped="0">
  <testcase classname="AudiologyTest.AppointmentType_Master" name="Appointment" time="0.019"/>
  <system-out/>
</testsuite> <!-- AudiologyTest.AppointmentType_Master -->
