<?xml version="1.0" encoding="UTF-8"?>
<!-- Generated by org.testng.reporters.JUnitReportReporter -->
<testsuite hostname="Dhananjay" failures="0" tests="1" name="AudiologyTest.stock_master_transfer" time="3.039" errors="0" timestamp="2022-11-11T16:13:33 IST" skipped="0">
  <testcase classname="AudiologyTest.stock_master_transfer" name="transfer" time="3.039"/>
  <system-out/>
</testsuite> <!-- AudiologyTest.stock_master_transfer -->
