<?xml version="1.0" encoding="UTF-8"?>
<!-- Generated by org.testng.reporters.JUnitReportReporter -->
<testsuite hostname="Dhananjay" failures="0" tests="5" name="AudiologyTest.Stock_Master_purchaseInvoice" time="64.481" errors="0" timestamp="2022-11-15T16:04:16 IST" skipped="1">
  <testcase classname="AudiologyTest.Stock_Master_purchaseInvoice" name="OpenApp" time="18.392"/>
  <system-out/>
  <testcase classname="AudiologyTest.Stock_Master_purchaseInvoice" name="purchase" time="6.731"/>
  <system-out/>
  <testcase classname="AudiologyTest.Stock_Master_purchaseInvoice" name="transfer" time="17.708"/>
  <system-out/>
  <testcase classname="AudiologyTest.Stock_Master_purchaseInvoice" name="acceptStock" time="21.650"/>
  <system-out/>
  <testcase classname="AudiologyTest.Stock_Master_purchaseInvoice" name="search_functionality">
    <skipped/>
  </testcase> <!-- search_functionality -->
  <system-out/>
</testsuite> <!-- AudiologyTest.Stock_Master_purchaseInvoice -->
