<?xml version="1.0" encoding="UTF-8"?>
<!-- Generated by org.testng.reporters.JUnitReportReporter -->
<testsuite hostname="Dhananjay" failures="0" tests="1" name="AudiologyTest.UserMaster" time="10.300" errors="0" timestamp="2022-11-23T19:07:56 IST" skipped="0">
  <testcase classname="AudiologyTest.UserMaster" name="AddUser_assignPermission" time="10.300"/>
  <system-out/>
</testsuite> <!-- AudiologyTest.UserMaster -->
