<?xml version="1.0" encoding="UTF-8"?>
<!-- Generated by org.testng.reporters.JUnitReportReporter -->
<testsuite hostname="DESKTOP-CGGS28S" failures="0" tests="6" name="AudiologyTest.Test_class" time="8.470" errors="0" timestamp="2022-08-30T12:42:00 IST" skipped="1">
  <testcase classname="AudiologyTest.Test_class" name="UpdateFunctionality" time="3.379"/>
  <system-out/>
  <testcase classname="AudiologyTest.Test_class" name="InvalidRoleName_passingAlphanumeric" time="1.246"/>
  <system-out/>
  <testcase classname="AudiologyTest.Test_class" name="InvalidRoleName_passingSymbols" time="1.151"/>
  <system-out/>
  <testcase classname="AudiologyTest.Test_class" name="InvalidRoleName_passingAlphanumericAndSymbols" time="1.182"/>
  <system-out/>
  <testcase classname="AudiologyTest.Test_class" name="InvalidRoleName_passingIntegers" time="1.512"/>
  <system-out/>
  <testcase classname="AudiologyTest.Test_class" name="AddRole">
    <skipped/>
  </testcase> <!-- AddRole -->
  <system-out/>
</testsuite> <!-- AudiologyTest.Test_class -->
