<?xml version="1.0" encoding="UTF-8"?>
<!-- Generated by org.testng.reporters.JUnitReportReporter -->
<testsuite hostname="Dhananjay" failures="0" tests="3" name="AudiologyTest.Stock_Master" time="5.360" errors="0" timestamp="2022-11-10T16:03:24 IST" skipped="1">
  <testcase classname="AudiologyTest.Stock_Master" name="purchase" time="4.612"/>
  <system-out/>
  <testcase classname="AudiologyTest.Stock_Master" name="search_functionality" time="0.748"/>
  <system-out/>
  <testcase classname="AudiologyTest.Stock_Master" name="stock_transfer">
    <skipped/>
  </testcase> <!-- stock_transfer -->
  <system-out/>
</testsuite> <!-- AudiologyTest.Stock_Master -->
