<?xml version="1.0" encoding="UTF-8"?>
<!-- Generated by org.testng.reporters.JUnitReportReporter -->
<testsuite hostname="Dhananjay" failures="0" tests="8" name="AudiologyTest.AudiologistsMater" time="27.319" errors="0" timestamp="2022-11-22T16:45:26 IST" skipped="1">
  <testcase classname="AudiologyTest.AudiologistsMater" name="Update" time="8.069"/>
  <system-out/>
  <testcase classname="AudiologyTest.AudiologistsMater" name="InvalidFirstName_NumericData" time="2.565"/>
  <system-out/>
  <testcase classname="AudiologyTest.AudiologistsMater" name="InvalidFirstName_AlphanumericData" time="2.934"/>
  <system-out/>
  <testcase classname="AudiologyTest.AudiologistsMater" name="InvalidFirstName_symbols" time="2.593"/>
  <system-out/>
  <testcase classname="AudiologyTest.AudiologistsMater" name="InvalidLastName_Numeric" time="2.983"/>
  <system-out/>
  <testcase classname="AudiologyTest.AudiologistsMater" name="InvalidLastName_AlphanemericData" time="4.417"/>
  <system-out/>
  <testcase classname="AudiologyTest.AudiologistsMater" name="InvalidMobile_Alphanumeric" time="3.758"/>
  <system-out/>
  <testcase classname="AudiologyTest.AudiologistsMater" name="AddAudiologist_Andsearch">
    <skipped/>
  </testcase> <!-- AddAudiologist_Andsearch -->
  <system-out/>
</testsuite> <!-- AudiologyTest.AudiologistsMater -->
