<?xml version="1.0" encoding="UTF-8"?>
<!-- Generated by org.testng.reporters.JUnitReportReporter -->
<testsuite hostname="Dhananjay" failures="0" tests="6" name="AudiologyTest.DevicesMaster" time="3.905" errors="0" timestamp="2022-11-22T19:00:03 IST" skipped="5">
  <testcase classname="AudiologyTest.DevicesMaster" name="AddBrand_search" time="3.905"/>
  <system-out/>
  <testcase classname="AudiologyTest.DevicesMaster" name="AddBatteryType_search">
    <skipped/>
  </testcase> <!-- AddBatteryType_search -->
  <system-out/>
  <testcase classname="AudiologyTest.DevicesMaster" name="AddStyle_search">
    <skipped/>
  </testcase> <!-- AddStyle_search -->
  <system-out/>
  <testcase classname="AudiologyTest.DevicesMaster" name="AddBillingCompany_searchfunctionality">
    <skipped/>
  </testcase> <!-- AddBillingCompany_searchfunctionality -->
  <system-out/>
  <testcase classname="AudiologyTest.DevicesMaster" name="AddDevice_search">
    <skipped/>
  </testcase> <!-- AddDevice_search -->
  <system-out/>
  <testcase classname="AudiologyTest.DevicesMaster" name="AddCondition_search">
    <skipped/>
  </testcase> <!-- AddCondition_search -->
  <system-out/>
</testsuite> <!-- AudiologyTest.DevicesMaster -->
