<?xml version="1.0" encoding="UTF-8"?>
<!-- Generated by org.testng.reporters.JUnitReportReporter -->
<testsuite hostname="DESKTOP-CGGS28S" failures="0" tests="1" name="AudiologyTest.Control_PanelMasterCalender" time="1.697" errors="0" timestamp="2022-09-16T12:55:22 IST" skipped="0">
  <testcase classname="AudiologyTest.Control_PanelMasterCalender" name="tc" time="1.697"/>
  <system-out/>
</testsuite> <!-- AudiologyTest.Control_PanelMasterCalender -->
